[2025-06-28 13:59:14.607471] Extracted text from PDF: putusan_316_k_mil_2017_20250628115754.pdf -> Cleaned and saved to putusan_316_k_mil_2017_20250628115754.txt. Original length: 48150, Cleaned length: 45936
[2025-06-28 13:59:14.622999] DELETED original PDF: putusan_316_k_mil_2017_20250628115754.pdf
[2025-06-28 13:59:23.715731] Extracted text from PDF: putusan_2008_k_pid.sus_2015_20250628115818.pdf -> Cleaned and saved to putusan_2008_k_pid.sus_2015_20250628115818.txt. Original length: 72379, Cleaned length: 70015
[2025-06-28 13:59:23.730500] DELETED original PDF: putusan_2008_k_pid.sus_2015_20250628115818.pdf
[2025-06-28 13:59:24.886200] Extracted text from PDF: putusan_3297_k_pid.sus_2018_20250628114834.pdf -> Cleaned and saved to putusan_3297_k_pid.sus_2018_20250628114834.txt. Original length: 23976, Cleaned length: 22656
[2025-06-28 13:59:24.891973] DELETED original PDF: putusan_3297_k_pid.sus_2018_20250628114834.pdf
[2025-06-28 13:59:25.940601] Extracted text from PDF: putusan_449_k_mil_2017_20250628115236.pdf -> Cleaned and saved to putusan_449_k_mil_2017_20250628115236.txt. Original length: 22577, Cleaned length: 21614
[2025-06-28 13:59:25.948907] DELETED original PDF: putusan_449_k_mil_2017_20250628115236.pdf
[2025-06-28 13:59:28.265447] Extracted text from PDF: putusan_533_k_pid.sus_2012_20250628115739.pdf -> Cleaned and saved to putusan_533_k_pid.sus_2012_20250628115739.txt. Original length: 41098, Cleaned length: 39082
[2025-06-28 13:59:28.275180] DELETED original PDF: putusan_533_k_pid.sus_2012_20250628115739.pdf
[2025-06-28 13:59:31.023167] Extracted text from PDF: putusan_1832_k_pid.sus_2014_20250628115150.pdf -> Cleaned and saved to putusan_1832_k_pid.sus_2014_20250628115150.txt. Original length: 35076, Cleaned length: 33560
[2025-06-28 13:59:31.055493] DELETED original PDF: putusan_1832_k_pid.sus_2014_20250628115150.pdf
[2025-06-28 13:59:33.186029] Extracted text from PDF: putusan_4297_k_pid.sus_2019_20250628115804.pdf -> Cleaned and saved to putusan_4297_k_pid.sus_2019_20250628115804.txt. Original length: 16108, Cleaned length: 15406
[2025-06-28 13:59:33.189765] DELETED original PDF: putusan_4297_k_pid.sus_2019_20250628115804.pdf
[2025-06-28 13:59:36.858676] Extracted text from PDF: putusan_1586_k_pid.sus_2012_20250628115758.pdf -> Cleaned and saved to putusan_1586_k_pid.sus_2012_20250628115758.txt. Original length: 59440, Cleaned length: 57541
[2025-06-28 13:59:36.876649] DELETED original PDF: putusan_1586_k_pid.sus_2012_20250628115758.pdf
[2025-06-28 13:59:41.533300] Extracted text from PDF: putusan_1243_k_pid.sus_2017_20250628115139.pdf -> Cleaned and saved to putusan_1243_k_pid.sus_2017_20250628115139.txt. Original length: 66130, Cleaned length: 63752
[2025-06-28 13:59:41.548160] DELETED original PDF: putusan_1243_k_pid.sus_2017_20250628115139.pdf
[2025-06-28 13:59:44.271704] Extracted text from PDF: putusan_2074_k_pid.sus_2015_20250628115729.pdf -> Cleaned and saved to putusan_2074_k_pid.sus_2015_20250628115729.txt. Original length: 44498, Cleaned length: 42519
[2025-06-28 13:59:44.282339] DELETED original PDF: putusan_2074_k_pid.sus_2015_20250628115729.pdf
[2025-06-28 13:59:46.970936] Extracted text from PDF: putusan_1852_k_pid.sus_2017_20250628115245.pdf -> Cleaned and saved to putusan_1852_k_pid.sus_2017_20250628115245.txt. Original length: 40407, Cleaned length: 39051
[2025-06-28 13:59:46.980573] DELETED original PDF: putusan_1852_k_pid.sus_2017_20250628115245.pdf
[2025-06-28 13:59:48.272096] Extracted text from PDF: putusan_2916_k_pid.sus_2018_20250628115136.pdf -> Cleaned and saved to putusan_2916_k_pid.sus_2018_20250628115136.txt. Original length: 19160, Cleaned length: 18046
[2025-06-28 13:59:48.292668] DELETED original PDF: putusan_2916_k_pid.sus_2018_20250628115136.pdf
[2025-06-28 13:59:51.111728] Extracted text from PDF: putusan_2441_k_pid.sus_2015_20250628115344.pdf -> Cleaned and saved to putusan_2441_k_pid.sus_2015_20250628115344.txt. Original length: 35142, Cleaned length: 33484
[2025-06-28 13:59:51.128609] DELETED original PDF: putusan_2441_k_pid.sus_2015_20250628115344.pdf
[2025-06-28 13:59:54.012854] Extracted text from PDF: putusan_1768_k_pid.sus_2017_20250628115723.pdf -> Cleaned and saved to putusan_1768_k_pid.sus_2017_20250628115723.txt. Original length: 36420, Cleaned length: 35102
[2025-06-28 13:59:54.026936] DELETED original PDF: putusan_1768_k_pid.sus_2017_20250628115723.pdf
[2025-06-28 13:59:55.002418] Extracted text from PDF: putusan_746_k_pid.sus_2019_20250628115745.pdf -> Cleaned and saved to putusan_746_k_pid.sus_2019_20250628115745.txt. Original length: 18663, Cleaned length: 17832
[2025-06-28 13:59:55.007065] DELETED original PDF: putusan_746_k_pid.sus_2019_20250628115745.pdf
[2025-06-28 13:59:56.766244] Extracted text from PDF: putusan_1117_k__pid.sus_2013_20250628115752.pdf -> Cleaned and saved to putusan_1117_k__pid.sus_2013_20250628115752.txt. Original length: 33510, Cleaned length: 32345
[2025-06-28 13:59:56.775630] DELETED original PDF: putusan_1117_k__pid.sus_2013_20250628115752.pdf
[2025-06-28 13:59:57.521828] Extracted text from PDF: putusan_3541_k_pid.sus_2019_20250628115001.pdf -> Cleaned and saved to putusan_3541_k_pid.sus_2019_20250628115001.txt. Original length: 16700, Cleaned length: 15761
[2025-06-28 13:59:57.526257] DELETED original PDF: putusan_3541_k_pid.sus_2019_20250628115001.pdf
[2025-06-28 14:00:03.123794] Extracted text from PDF: putusan_2302_k_pid.sus_2015_20250628115048.pdf -> Cleaned and saved to putusan_2302_k_pid.sus_2015_20250628115048.txt. Original length: 37999, Cleaned length: 36695
[2025-06-28 14:00:03.162884] DELETED original PDF: putusan_2302_k_pid.sus_2015_20250628115048.pdf
[2025-06-28 14:00:06.114102] Extracted text from PDF: putusan_151_k_pid.sus_2019_20250628115718.pdf -> Cleaned and saved to putusan_151_k_pid.sus_2019_20250628115718.txt. Original length: 22025, Cleaned length: 20765
[2025-06-28 14:00:06.132936] DELETED original PDF: putusan_151_k_pid.sus_2019_20250628115718.pdf
[2025-06-28 14:00:08.705964] Extracted text from PDF: putusan_1500_k_pid.sus_2018_20250628115148.pdf -> Cleaned and saved to putusan_1500_k_pid.sus_2018_20250628115148.txt. Original length: 15589, Cleaned length: 14948
[2025-06-28 14:00:08.715974] DELETED original PDF: putusan_1500_k_pid.sus_2018_20250628115148.pdf
[2025-06-28 14:00:11.749780] Extracted text from PDF: putusan_2402_k_pid.sus_2012_20250628115259.pdf -> Cleaned and saved to putusan_2402_k_pid.sus_2012_20250628115259.txt. Original length: 34672, Cleaned length: 33452
[2025-06-28 14:00:11.758713] DELETED original PDF: putusan_2402_k_pid.sus_2012_20250628115259.pdf
[2025-06-28 14:00:12.748275] Extracted text from PDF: putusan_3087_k_pid.sus_2019_20250628115040.pdf -> Cleaned and saved to putusan_3087_k_pid.sus_2019_20250628115040.txt. Original length: 22495, Cleaned length: 21550
[2025-06-28 14:00:12.757162] DELETED original PDF: putusan_3087_k_pid.sus_2019_20250628115040.pdf
[2025-06-28 14:00:14.841943] Extracted text from PDF: putusan_154_k_pid.sus_2018_20250628115256.pdf -> Cleaned and saved to putusan_154_k_pid.sus_2018_20250628115256.txt. Original length: 18265, Cleaned length: 17542
[2025-06-28 14:00:14.853488] DELETED original PDF: putusan_154_k_pid.sus_2018_20250628115256.pdf
[2025-06-28 14:00:19.559472] Extracted text from PDF: putusan_2511_k_pid.sus_2016_20250628115343.pdf -> Cleaned and saved to putusan_2511_k_pid.sus_2016_20250628115343.txt. Original length: 95098, Cleaned length: 91786
[2025-06-28 14:00:19.572539] DELETED original PDF: putusan_2511_k_pid.sus_2016_20250628115343.pdf
[2025-06-28 14:00:20.071727] Extracted text from PDF: putusan_1496_k_pid.sus_2019_20250628115942.pdf -> Cleaned and saved to putusan_1496_k_pid.sus_2019_20250628115942.txt. Original length: 16766, Cleaned length: 15993
[2025-06-28 14:00:20.074367] DELETED original PDF: putusan_1496_k_pid.sus_2019_20250628115942.pdf
[2025-06-28 14:00:20.562802] Extracted text from PDF: putusan_4201_k_pid.sus_2019_20250628115132.pdf -> Cleaned and saved to putusan_4201_k_pid.sus_2019_20250628115132.txt. Original length: 21248, Cleaned length: 20369
[2025-06-28 14:00:20.566560] DELETED original PDF: putusan_4201_k_pid.sus_2019_20250628115132.pdf
[2025-06-28 14:00:22.525628] Extracted text from PDF: putusan_490_k_pid.sus_2013_20250628115822.pdf -> Cleaned and saved to putusan_490_k_pid.sus_2013_20250628115822.txt. Original length: 63942, Cleaned length: 61838
[2025-06-28 14:00:22.534858] DELETED original PDF: putusan_490_k_pid.sus_2013_20250628115822.pdf
[2025-06-28 14:00:23.230989] Extracted text from PDF: putusan_4231_k_pid.sus_2019_20250628115949.pdf -> Cleaned and saved to putusan_4231_k_pid.sus_2019_20250628115949.txt. Original length: 17335, Cleaned length: 16590
[2025-06-28 14:00:23.233534] DELETED original PDF: putusan_4231_k_pid.sus_2019_20250628115949.pdf
[2025-06-28 14:00:24.515258] Extracted text from PDF: putusan_1701_k_pid.sus_2013_20250628115811.pdf -> Cleaned and saved to putusan_1701_k_pid.sus_2013_20250628115811.txt. Original length: 46731, Cleaned length: 45081
[2025-06-28 14:00:24.526831] DELETED original PDF: putusan_1701_k_pid.sus_2013_20250628115811.pdf
[2025-06-28 14:00:24.939517] Extracted text from PDF: putusan_1378_k_pid.sus_2018_20250628115304.pdf -> Cleaned and saved to putusan_1378_k_pid.sus_2018_20250628115304.txt. Original length: 16991, Cleaned length: 16051
[2025-06-28 14:00:24.942069] DELETED original PDF: putusan_1378_k_pid.sus_2018_20250628115304.pdf
